<?xml version="1.0" encoding="UTF-8"?>
<!-- Generated by org.testng.reporters.JUnitReportReporter -->
<testsuite skipped="0" hostname="DESKTOP-0VP49KQ" name="Go" tests="1" failures="0" timestamp="20 Jan 2021 08:17:46 GMT" time="13.948" errors="0">
  <testcase name="googleSearch" time="13.948" classname="Go"/>
</testsuite> <!-- Go -->
